[35m[Appium][39m Welcome to Appium v1.22.3
[35m[Appium][39m Non-default server args:
[35m[Appium][39m   port: 58419
[35m[Appium][39m   loglevel: info
[35m[Appium][39m   tmpDir: C:\Users\User\AppData\Local\Temp\\Katalon\Appium\Temp1727180639688
[35m[Appium][39m Appium REST http interface listener started on 0.0.0.0:58419
[35m[HTTP][39m [37m-->[39m [37mGET[39m [37m/wd/hub/status[39m
[35m[HTTP][39m [90m{}[39m
[35m[HTTP][39m [37m<-- GET /wd/hub/status [39m[32m200[39m [90m11 ms - 68[39m
[35m[HTTP][39m [90m[39m
[35m[HTTP][39m [37m-->[39m [37mGET[39m [37m/wd/hub/status[39m
[35m[HTTP][39m [90m{}[39m
[35m[HTTP][39m [37m<-- GET /wd/hub/status [39m[32m200[39m [90m1 ms - 68[39m
[35m[HTTP][39m [90m[39m
[35m[HTTP][39m [37m-->[39m [37mPOST[39m [37m/wd/hub/session[39m
[35m[HTTP][39m [90m{"desiredCapabilities":{"appPackage":"com.android.settings","AppWaitActivity":"*","deviceId":"emulator-5554","deviceName":"emulator-5554 (sdk_gphone64_x86_64 - Android 15)","appActivity":".Settings","newCommandTimeout":1800,"platformVersion":"15","automationName":"uiautomator2","autoGrantPermissions":true,"platformName":"Android","udid":"emulator-5554","systemPort":8273},"capabilities":{"firstMatch":[{"AppWaitActivity":"*","appium:appActivity":".Settings","appium:appPackage":"com.android.settings","appium:autoGrantPermissions":true,"appium:automationName":"uiautomator2","deviceId":"emulator-5554","appium:deviceName":"emulator-5554 (sdk_gphone64_x86_64 - Android 15)","appium:newCommandTimeout":1800,"platformName":"android","appium:platformVersion":"15","appium:systemPort":8273,"appium:udid":"emulator-5554"}]}}[39m
[35m[BaseDriver][39m The following capabilities are not standard capabilities and should have an extension prefix:
[35m[BaseDriver][39m   AppWaitActivity
[35m[BaseDriver][39m   deviceId
[35m[Appium][39m Appium v1.22.3 creating new AndroidUiautomator2Driver (v1.70.1) session
[35m[BaseDriver][39m The following capabilities were provided, but are not recognized by Appium:
[35m[BaseDriver][39m   AppWaitActivity
[35m[BaseDriver][39m   deviceId
[35m[BaseDriver][39m Session created with session id: bc48bd61-21ef-4afe-9135-3fdbc0510ed7
[35m[UiAutomator2][39m Starting 'com.android.settings' directly on the device
[35m[ADB][39m Found 1 'build-tools' folders under 'C:\Users\User\.katalon\tools\android_sdk' (newest first):
[35m[ADB][39m     C:/Users/User/.katalon/tools/android_sdk/build-tools/29.0.3
[35m[ADB][39m Using 'adb.exe' from 'C:\Users\User\.katalon\tools\android_sdk\platform-tools\adb.exe'
[35m[AndroidDriver][39m Retrieving device list
[35m[AndroidDriver][39m Using device: emulator-5554
[35m[ADB][39m Using 'adb.exe' from 'C:\Users\User\.katalon\tools\android_sdk\platform-tools\adb.exe'
[35m[ADB][39m Getting device platform version
[35m[UiAutomator2][39m Relaxing hidden api policy
[35m[AndroidDriver][39m No app sent in, not parsing package/activity
[35m[ADB][39m Using 'apksigner.jar' from 'C:\Users\User\.katalon\tools\android_sdk\build-tools\29.0.3\lib\apksigner.jar'
[35m[ADB][39m 'C:\Users\User\AppData\Roaming\npm\node_modules\appium\node_modules\appium-uiautomator2-server\apks\appium-uiautomator2-server-v4.27.0.apk' is signed with the default certificate
[35m[ADB][39m 'C:\Users\User\AppData\Roaming\npm\node_modules\appium\node_modules\appium-uiautomator2-server\apks\appium-uiautomator2-server-debug-androidTest.apk' is signed with the default certificate
[35m[UiAutomator2][39m Server packages are not going to be (re)installed
[35m[ADB][39m Adding packages ["io.appium.settings","io.appium.uiautomator2.server","io.appium.uiautomator2.server.test"] to Doze whitelist
[35m[UiAutomator2][39m Starting UIAutomator2 server 4.27.0
[35m[UiAutomator2][39m Using UIAutomator2 server from 'C:\Users\User\AppData\Roaming\npm\node_modules\appium\node_modules\appium-uiautomator2-server\apks\appium-uiautomator2-server-v4.27.0.apk' and test from 'C:\Users\User\AppData\Roaming\npm\node_modules\appium\node_modules\appium-uiautomator2-server\apks\appium-uiautomator2-server-debug-androidTest.apk'
[35m[UiAutomator2][39m Waiting up to 30000ms for UiAutomator2 to be online...
[35m[WD Proxy][39m socket hang up
[35m[WD Proxy][39m socket hang up
[35m[WD Proxy][39m socket hang up
[35m[WD Proxy][39m socket hang up
[35m[WD Proxy][39m socket hang up
[35m[WD Proxy][39m Determined the downstream protocol as 'W3C'
[35m[AndroidDriver][39m Screen already unlocked, doing nothing
[35m[UiAutomator2][39m Starting 'com.android.settings/.Settings and waiting for 'com.android.settings/.Settings'
[35m[Appium][39m New AndroidUiautomator2Driver session created successfully, session bc48bd61-21ef-4afe-9135-3fdbc0510ed7 added to master session list
[35m[HTTP][39m [37m<-- POST /wd/hub/session [39m[32m200[39m [90m14232 ms - 1220[39m
[35m[HTTP][39m [90m[39m
[35m[HTTP][39m [37m-->[39m [37mGET[39m [37m/wd/hub/session/bc48bd61-21ef-4afe-9135-3fdbc0510ed7[39m
[35m[HTTP][39m [90m{}[39m
[35m[HTTP][39m [37m<-- GET /wd/hub/session/bc48bd61-21ef-4afe-9135-3fdbc0510ed7 [39m[32m200[39m [90m33 ms - 1174[39m
[35m[HTTP][39m [90m[39m
[35m[HTTP][39m [37m-->[39m [37mGET[39m [37m/wd/hub/session/bc48bd61-21ef-4afe-9135-3fdbc0510ed7[39m
[35m[HTTP][39m [90m{}[39m
[35m[HTTP][39m [37m<-- GET /wd/hub/session/bc48bd61-21ef-4afe-9135-3fdbc0510ed7 [39m[32m200[39m [90m32 ms - 1174[39m
[35m[HTTP][39m [90m[39m
[35m[HTTP][39m [37m-->[39m [37mGET[39m [37m/wd/hub/status[39m
[35m[HTTP][39m [90m{}[39m
[35m[HTTP][39m [37m<-- GET /wd/hub/status [39m[32m200[39m [90m4 ms - 68[39m
[35m[HTTP][39m [90m[39m
[35m[HTTP][39m [37m-->[39m [37mPOST[39m [37m/wd/hub/session/bc48bd61-21ef-4afe-9135-3fdbc0510ed7/timeouts[39m
[35m[HTTP][39m [90m{"implicit":60000}[39m
[35m[HTTP][39m [37m<-- POST /wd/hub/session/bc48bd61-21ef-4afe-9135-3fdbc0510ed7/timeouts [39m[32m200[39m [90m5 ms - 14[39m
[35m[HTTP][39m [90m[39m
[35m[HTTP][39m [37m-->[39m [37mGET[39m [37m/wd/hub/session/bc48bd61-21ef-4afe-9135-3fdbc0510ed7/appium/device/system_bars[39m
[35m[HTTP][39m [90m{}[39m
[35m[HTTP][39m [37m<-- GET /wd/hub/session/bc48bd61-21ef-4afe-9135-3fdbc0510ed7/appium/device/system_bars [39m[31m500[39m [90m574 ms - 669[39m
[35m[HTTP][39m [90m[39m
[35m[HTTP][39m [37m-->[39m [37mPOST[39m [37m/wd/hub/session/bc48bd61-21ef-4afe-9135-3fdbc0510ed7/execute/sync[39m
[35m[HTTP][39m [90m{"script":"mobile:viewportRect","args":[]}[39m
[35m[AndroidDriver][39m Executing native command 'mobile:viewportRect'
[35m[HTTP][39m [37m<-- POST /wd/hub/session/bc48bd61-21ef-4afe-9135-3fdbc0510ed7/execute/sync [39m[32m200[39m [90m100 ms - 56[39m
[35m[HTTP][39m [90m[39m
[35m[HTTP][39m [37m-->[39m [37mPOST[39m [37m/wd/hub/session/bc48bd61-21ef-4afe-9135-3fdbc0510ed7/appium/device/activate_app[39m
[35m[HTTP][39m [90m{"bundleId":"com.solodroid.solomerce"}[39m
[35m[HTTP][39m [37m<-- POST /wd/hub/session/bc48bd61-21ef-4afe-9135-3fdbc0510ed7/appium/device/activate_app [39m[32m200[39m [90m1603 ms - 14[39m
[35m[HTTP][39m [90m[39m
[35m[HTTP][39m [37m-->[39m [37mGET[39m [37m/wd/hub/session/bc48bd61-21ef-4afe-9135-3fdbc0510ed7/source[39m
[35m[HTTP][39m [90m{}[39m
[35m[W3C (bc48bd61)][39m Driver proxy active, passing request on via HTTP proxy
[35m[WD Proxy][39m Replacing sessionId 868e528d-dc59-4306-9c55-9ef10cc3237e with bc48bd61-21ef-4afe-9135-3fdbc0510ed7
[35m[HTTP][39m [37m<-- GET /wd/hub/session/bc48bd61-21ef-4afe-9135-3fdbc0510ed7/source [39m[32m200[39m [90m929 ms - 16136[39m
[35m[HTTP][39m [90m[39m
[35m[HTTP][39m [37m-->[39m [37mGET[39m [37m/wd/hub/session/bc48bd61-21ef-4afe-9135-3fdbc0510ed7/screenshot[39m
[35m[HTTP][39m [90m{}[39m
[35m[HTTP][39m [37m<-- GET /wd/hub/session/bc48bd61-21ef-4afe-9135-3fdbc0510ed7/screenshot [39m[32m200[39m [90m2139 ms - 367254[39m
[35m[HTTP][39m [90m[39m
[35m[HTTP][39m [37m-->[39m [37mGET[39m [37m/wd/hub/session/bc48bd61-21ef-4afe-9135-3fdbc0510ed7/source[39m
[35m[HTTP][39m [90m{}[39m
[35m[W3C (bc48bd61)][39m Driver proxy active, passing request on via HTTP proxy
[35m[WD Proxy][39m Replacing sessionId 868e528d-dc59-4306-9c55-9ef10cc3237e with bc48bd61-21ef-4afe-9135-3fdbc0510ed7
[35m[HTTP][39m [37m<-- GET /wd/hub/session/bc48bd61-21ef-4afe-9135-3fdbc0510ed7/source [39m[32m200[39m [90m246 ms - 34516[39m
[35m[HTTP][39m [90m[39m
[35m[HTTP][39m [37m-->[39m [37mGET[39m [37m/wd/hub/session/bc48bd61-21ef-4afe-9135-3fdbc0510ed7/screenshot[39m
[35m[HTTP][39m [90m{}[39m
[35m[HTTP][39m [37m<-- GET /wd/hub/session/bc48bd61-21ef-4afe-9135-3fdbc0510ed7/screenshot [39m[32m200[39m [90m1386 ms - 1992826[39m
[35m[HTTP][39m [90m[39m
[35m[HTTP][39m [37m-->[39m [37mGET[39m [37m/wd/hub/session/bc48bd61-21ef-4afe-9135-3fdbc0510ed7/window/rect[39m
[35m[HTTP][39m [90m{}[39m
[35m[HTTP][39m [37m<-- GET /wd/hub/session/bc48bd61-21ef-4afe-9135-3fdbc0510ed7/window/rect [39m[32m200[39m [90m27 ms - 50[39m
[35m[HTTP][39m [90m[39m
[35m[HTTP][39m [37m-->[39m [37mPOST[39m [37m/wd/hub/session/bc48bd61-21ef-4afe-9135-3fdbc0510ed7/elements[39m
[35m[HTTP][39m [90m{"using":"xpath","value":"//*[@class = 'android.widget.ImageView' and @resource-id = 'com.solodroid.solomerce:id/category_image' and (@text = '' or . = '')]"}[39m
[35m[HTTP][39m [37m<-- POST /wd/hub/session/bc48bd61-21ef-4afe-9135-3fdbc0510ed7/elements [39m[32m200[39m [90m890 ms - 779[39m
[35m[HTTP][39m [90m[39m
[35m[HTTP][39m [37m-->[39m [37mGET[39m [37m/wd/hub/session/bc48bd61-21ef-4afe-9135-3fdbc0510ed7/element/00000000-0000-00aa-ffff-ffff00000060/location[39m
[35m[HTTP][39m [90m{}[39m
[35m[W3C (bc48bd61)][39m Driver proxy active, passing request on via HTTP proxy
[35m[WD Proxy][39m Replacing sessionId 868e528d-dc59-4306-9c55-9ef10cc3237e with bc48bd61-21ef-4afe-9135-3fdbc0510ed7
[35m[HTTP][39m [37m<-- GET /wd/hub/session/bc48bd61-21ef-4afe-9135-3fdbc0510ed7/element/00000000-0000-00aa-ffff-ffff00000060/location [39m[32m200[39m [90m16 ms - 77[39m
[35m[HTTP][39m [90m[39m
[35m[HTTP][39m [37m-->[39m [37mPOST[39m [37m/wd/hub/session/bc48bd61-21ef-4afe-9135-3fdbc0510ed7/element/00000000-0000-00aa-ffff-ffff00000060/click[39m
[35m[HTTP][39m [90m{"id":"00000000-0000-00aa-ffff-ffff00000060"}[39m
[35m[HTTP][39m [37m<-- POST /wd/hub/session/bc48bd61-21ef-4afe-9135-3fdbc0510ed7/element/00000000-0000-00aa-ffff-ffff00000060/click [39m[32m200[39m [90m78 ms - 14[39m
[35m[HTTP][39m [90m[39m
[35m[HTTP][39m [37m-->[39m [37mGET[39m [37m/wd/hub/session/bc48bd61-21ef-4afe-9135-3fdbc0510ed7/source[39m
[35m[HTTP][39m [90m{}[39m
[35m[W3C (bc48bd61)][39m Driver proxy active, passing request on via HTTP proxy
[35m[WD Proxy][39m Replacing sessionId 868e528d-dc59-4306-9c55-9ef10cc3237e with bc48bd61-21ef-4afe-9135-3fdbc0510ed7
[35m[HTTP][39m [37m<-- GET /wd/hub/session/bc48bd61-21ef-4afe-9135-3fdbc0510ed7/source [39m[32m200[39m [90m1570 ms - 1015[39m
[35m[HTTP][39m [90m[39m
[35m[HTTP][39m [37m-->[39m [37mGET[39m [37m/wd/hub/session/bc48bd61-21ef-4afe-9135-3fdbc0510ed7/screenshot[39m
[35m[HTTP][39m [90m{}[39m
[35m[HTTP][39m [37m<-- GET /wd/hub/session/bc48bd61-21ef-4afe-9135-3fdbc0510ed7/screenshot [39m[32m200[39m [90m1897 ms - 2270786[39m
[35m[HTTP][39m [90m[39m
[35m[HTTP][39m [37m-->[39m [37mGET[39m [37m/wd/hub/session/bc48bd61-21ef-4afe-9135-3fdbc0510ed7/window/rect[39m
[35m[HTTP][39m [90m{}[39m
[35m[HTTP][39m [37m<-- GET /wd/hub/session/bc48bd61-21ef-4afe-9135-3fdbc0510ed7/window/rect [39m[32m200[39m [90m20 ms - 50[39m
[35m[HTTP][39m [90m[39m
[35m[HTTP][39m [37m-->[39m [37mPOST[39m [37m/wd/hub/session/bc48bd61-21ef-4afe-9135-3fdbc0510ed7/elements[39m
[35m[HTTP][39m [90m{"using":"xpath","value":"//*[@class = 'android.widget.LinearLayout' and (@text = '' or . = '')]"}[39m
[35m[HTTP][39m [37m<-- POST /wd/hub/session/bc48bd61-21ef-4afe-9135-3fdbc0510ed7/elements [39m[32m200[39m [90m176 ms - 907[39m
[35m[HTTP][39m [90m[39m
[35m[HTTP][39m [37m-->[39m [37mGET[39m [37m/wd/hub/session/bc48bd61-21ef-4afe-9135-3fdbc0510ed7/element/00000000-0000-00ab-ffff-ffff000000bf/location[39m
[35m[HTTP][39m [90m{}[39m
[35m[W3C (bc48bd61)][39m Driver proxy active, passing request on via HTTP proxy
[35m[WD Proxy][39m Replacing sessionId 868e528d-dc59-4306-9c55-9ef10cc3237e with bc48bd61-21ef-4afe-9135-3fdbc0510ed7
[35m[HTTP][39m [37m<-- GET /wd/hub/session/bc48bd61-21ef-4afe-9135-3fdbc0510ed7/element/00000000-0000-00ab-ffff-ffff000000bf/location [39m[32m200[39m [90m443 ms - 74[39m
[35m[HTTP][39m [90m[39m
[35m[HTTP][39m [37m-->[39m [37mPOST[39m [37m/wd/hub/session/bc48bd61-21ef-4afe-9135-3fdbc0510ed7/element/00000000-0000-00ab-ffff-ffff000000bf/click[39m
[35m[HTTP][39m [90m{"id":"00000000-0000-00ab-ffff-ffff000000bf"}[39m
[35m[HTTP][39m [37m<-- POST /wd/hub/session/bc48bd61-21ef-4afe-9135-3fdbc0510ed7/element/00000000-0000-00ab-ffff-ffff000000bf/click [39m[32m200[39m [90m52 ms - 14[39m
[35m[HTTP][39m [90m[39m
[35m[HTTP][39m [37m-->[39m [37mGET[39m [37m/wd/hub/session/bc48bd61-21ef-4afe-9135-3fdbc0510ed7/source[39m
[35m[HTTP][39m [90m{}[39m
[35m[W3C (bc48bd61)][39m Driver proxy active, passing request on via HTTP proxy
[35m[WD Proxy][39m Replacing sessionId 868e528d-dc59-4306-9c55-9ef10cc3237e with bc48bd61-21ef-4afe-9135-3fdbc0510ed7
[35m[HTTP][39m [37m<-- GET /wd/hub/session/bc48bd61-21ef-4afe-9135-3fdbc0510ed7/source [39m[32m200[39m [90m84 ms - 17723[39m
[35m[HTTP][39m [90m[39m
[35m[HTTP][39m [37m-->[39m [37mGET[39m [37m/wd/hub/session/bc48bd61-21ef-4afe-9135-3fdbc0510ed7/screenshot[39m
[35m[HTTP][39m [90m{}[39m
[35m[HTTP][39m [37m<-- GET /wd/hub/session/bc48bd61-21ef-4afe-9135-3fdbc0510ed7/screenshot [39m[32m200[39m [90m989 ms - 1446966[39m
[35m[HTTP][39m [90m[39m
[35m[HTTP][39m [37m-->[39m [37mGET[39m [37m/wd/hub/session/bc48bd61-21ef-4afe-9135-3fdbc0510ed7/window/rect[39m
[35m[HTTP][39m [90m{}[39m
[35m[HTTP][39m [37m<-- GET /wd/hub/session/bc48bd61-21ef-4afe-9135-3fdbc0510ed7/window/rect [39m[32m200[39m [90m14 ms - 50[39m
[35m[HTTP][39m [90m[39m
[35m[HTTP][39m [37m-->[39m [37mPOST[39m [37m/wd/hub/session/bc48bd61-21ef-4afe-9135-3fdbc0510ed7/elements[39m
[35m[HTTP][39m [90m{"using":"xpath","value":"//*[@class = 'android.widget.Button' and (@text = 'ADD TO CART' or . = 'ADD TO CART') and @resource-id = 'com.solodroid.solomerce:id/btn_add_cart']"}[39m
[35m[HTTP][39m [37m<-- POST /wd/hub/session/bc48bd61-21ef-4afe-9135-3fdbc0510ed7/elements [39m[32m200[39m [90m168 ms - 139[39m
[35m[HTTP][39m [90m[39m
[35m[HTTP][39m [37m-->[39m [37mGET[39m [37m/wd/hub/session/bc48bd61-21ef-4afe-9135-3fdbc0510ed7/element/00000000-0000-00ab-ffff-ffff000000dc/location[39m
[35m[HTTP][39m [90m{}[39m
[35m[W3C (bc48bd61)][39m Driver proxy active, passing request on via HTTP proxy
[35m[WD Proxy][39m Replacing sessionId 868e528d-dc59-4306-9c55-9ef10cc3237e with bc48bd61-21ef-4afe-9135-3fdbc0510ed7
[35m[HTTP][39m [37m<-- GET /wd/hub/session/bc48bd61-21ef-4afe-9135-3fdbc0510ed7/element/00000000-0000-00ab-ffff-ffff000000dc/location [39m[32m200[39m [90m20 ms - 77[39m
[35m[HTTP][39m [90m[39m
[35m[HTTP][39m [37m-->[39m [37mPOST[39m [37m/wd/hub/session/bc48bd61-21ef-4afe-9135-3fdbc0510ed7/element/00000000-0000-00ab-ffff-ffff000000dc/click[39m
[35m[HTTP][39m [90m{"id":"00000000-0000-00ab-ffff-ffff000000dc"}[39m
[35m[HTTP][39m [37m<-- POST /wd/hub/session/bc48bd61-21ef-4afe-9135-3fdbc0510ed7/element/00000000-0000-00ab-ffff-ffff000000dc/click [39m[32m200[39m [90m78 ms - 14[39m
[35m[HTTP][39m [90m[39m
[35m[HTTP][39m [37m-->[39m [37mGET[39m [37m/wd/hub/session/bc48bd61-21ef-4afe-9135-3fdbc0510ed7/source[39m
[35m[HTTP][39m [90m{}[39m
[35m[W3C (bc48bd61)][39m Driver proxy active, passing request on via HTTP proxy
[35m[WD Proxy][39m Replacing sessionId 868e528d-dc59-4306-9c55-9ef10cc3237e with bc48bd61-21ef-4afe-9135-3fdbc0510ed7
[35m[HTTP][39m [37m<-- GET /wd/hub/session/bc48bd61-21ef-4afe-9135-3fdbc0510ed7/source [39m[32m200[39m [90m794 ms - 6061[39m
[35m[HTTP][39m [90m[39m
[35m[HTTP][39m [37m-->[39m [37mGET[39m [37m/wd/hub/session/bc48bd61-21ef-4afe-9135-3fdbc0510ed7/screenshot[39m
[35m[HTTP][39m [90m{}[39m
[35m[HTTP][39m [37m<-- GET /wd/hub/session/bc48bd61-21ef-4afe-9135-3fdbc0510ed7/screenshot [39m[32m200[39m [90m916 ms - 1011652[39m
[35m[HTTP][39m [90m[39m
[35m[HTTP][39m [37m-->[39m [37mGET[39m [37m/wd/hub/session/bc48bd61-21ef-4afe-9135-3fdbc0510ed7/window/rect[39m
[35m[HTTP][39m [90m{}[39m
[35m[HTTP][39m [37m<-- GET /wd/hub/session/bc48bd61-21ef-4afe-9135-3fdbc0510ed7/window/rect [39m[32m200[39m [90m15 ms - 50[39m
[35m[HTTP][39m [90m[39m
[35m[HTTP][39m [37m-->[39m [37mPOST[39m [37m/wd/hub/session/bc48bd61-21ef-4afe-9135-3fdbc0510ed7/elements[39m
[35m[HTTP][39m [90m{"using":"xpath","value":"//*[@class = 'android.widget.EditText' and @resource-id = 'com.solodroid.solomerce:id/userInputDialog' and (@text = '' or . = '')]"}[39m
[35m[HTTP][39m [37m<-- POST /wd/hub/session/bc48bd61-21ef-4afe-9135-3fdbc0510ed7/elements [39m[32m200[39m [90m96 ms - 139[39m
[35m[HTTP][39m [90m[39m
[35m[HTTP][39m [37m-->[39m [37mGET[39m [37m/wd/hub/session/bc48bd61-21ef-4afe-9135-3fdbc0510ed7/element/00000000-0000-00ac-ffff-ffff000000f5/location[39m
[35m[HTTP][39m [90m{}[39m
[35m[W3C (bc48bd61)][39m Driver proxy active, passing request on via HTTP proxy
[35m[WD Proxy][39m Replacing sessionId 868e528d-dc59-4306-9c55-9ef10cc3237e with bc48bd61-21ef-4afe-9135-3fdbc0510ed7
[35m[HTTP][39m [37m<-- GET /wd/hub/session/bc48bd61-21ef-4afe-9135-3fdbc0510ed7/element/00000000-0000-00ac-ffff-ffff000000f5/location [39m[32m200[39m [90m21 ms - 79[39m
[35m[HTTP][39m [90m[39m
[35m[HTTP][39m [37m-->[39m [37mPOST[39m [37m/wd/hub/session/bc48bd61-21ef-4afe-9135-3fdbc0510ed7/element/00000000-0000-00ac-ffff-ffff000000f5/click[39m
[35m[HTTP][39m [90m{"id":"00000000-0000-00ac-ffff-ffff000000f5"}[39m
[35m[HTTP][39m [37m<-- POST /wd/hub/session/bc48bd61-21ef-4afe-9135-3fdbc0510ed7/element/00000000-0000-00ac-ffff-ffff000000f5/click [39m[32m200[39m [90m106 ms - 14[39m
[35m[HTTP][39m [90m[39m
[35m[HTTP][39m [37m-->[39m [37mGET[39m [37m/wd/hub/session/bc48bd61-21ef-4afe-9135-3fdbc0510ed7/source[39m
[35m[HTTP][39m [90m{}[39m
[35m[W3C (bc48bd61)][39m Driver proxy active, passing request on via HTTP proxy
[35m[WD Proxy][39m Replacing sessionId 868e528d-dc59-4306-9c55-9ef10cc3237e with bc48bd61-21ef-4afe-9135-3fdbc0510ed7
[35m[HTTP][39m [37m<-- GET /wd/hub/session/bc48bd61-21ef-4afe-9135-3fdbc0510ed7/source [39m[32m200[39m [90m182 ms - 6060[39m
[35m[HTTP][39m [90m[39m
[35m[HTTP][39m [37m-->[39m [37mGET[39m [37m/wd/hub/session/bc48bd61-21ef-4afe-9135-3fdbc0510ed7/screenshot[39m
[35m[HTTP][39m [90m{}[39m
[35m[HTTP][39m [37m<-- GET /wd/hub/session/bc48bd61-21ef-4afe-9135-3fdbc0510ed7/screenshot [39m[32m200[39m [90m1981 ms - 1011648[39m
[35m[HTTP][39m [90m[39m
[35m[HTTP][39m [37m-->[39m [37mGET[39m [37m/wd/hub/session/bc48bd61-21ef-4afe-9135-3fdbc0510ed7/window/rect[39m
[35m[HTTP][39m [90m{}[39m
[35m[HTTP][39m [37m<-- GET /wd/hub/session/bc48bd61-21ef-4afe-9135-3fdbc0510ed7/window/rect [39m[32m200[39m [90m15 ms - 50[39m
[35m[HTTP][39m [90m[39m
[35m[HTTP][39m [37m-->[39m [37mPOST[39m [37m/wd/hub/session/bc48bd61-21ef-4afe-9135-3fdbc0510ed7/elements[39m
[35m[HTTP][39m [90m{"using":"xpath","value":"//*[@class = 'android.widget.Button' and (@text = 'ADD' or . = 'ADD') and @resource-id = 'android:id/button1']"}[39m
[35m[HTTP][39m [37m<-- POST /wd/hub/session/bc48bd61-21ef-4afe-9135-3fdbc0510ed7/elements [39m[32m200[39m [90m111 ms - 139[39m
[35m[HTTP][39m [90m[39m
[35m[HTTP][39m [37m-->[39m [37mGET[39m [37m/wd/hub/session/bc48bd61-21ef-4afe-9135-3fdbc0510ed7/element/00000000-0000-00ac-ffff-ffff000000fb/location[39m
[35m[HTTP][39m [90m{}[39m
[35m[W3C (bc48bd61)][39m Driver proxy active, passing request on via HTTP proxy
[35m[WD Proxy][39m Replacing sessionId 868e528d-dc59-4306-9c55-9ef10cc3237e with bc48bd61-21ef-4afe-9135-3fdbc0510ed7
[35m[HTTP][39m [37m<-- GET /wd/hub/session/bc48bd61-21ef-4afe-9135-3fdbc0510ed7/element/00000000-0000-00ac-ffff-ffff000000fb/location [39m[32m200[39m [90m20 ms - 79[39m
[35m[HTTP][39m [90m[39m
[35m[HTTP][39m [37m-->[39m [37mPOST[39m [37m/wd/hub/session/bc48bd61-21ef-4afe-9135-3fdbc0510ed7/element/00000000-0000-00ac-ffff-ffff000000fb/click[39m
[35m[HTTP][39m [90m{"id":"00000000-0000-00ac-ffff-ffff000000fb"}[39m
[35m[HTTP][39m [37m<-- POST /wd/hub/session/bc48bd61-21ef-4afe-9135-3fdbc0510ed7/element/00000000-0000-00ac-ffff-ffff000000fb/click [39m[32m200[39m [90m50 ms - 14[39m
[35m[HTTP][39m [90m[39m
[35m[HTTP][39m [37m-->[39m [37mGET[39m [37m/wd/hub/session/bc48bd61-21ef-4afe-9135-3fdbc0510ed7/source[39m
[35m[HTTP][39m [90m{}[39m
[35m[W3C (bc48bd61)][39m Driver proxy active, passing request on via HTTP proxy
[35m[WD Proxy][39m Replacing sessionId 868e528d-dc59-4306-9c55-9ef10cc3237e with bc48bd61-21ef-4afe-9135-3fdbc0510ed7
[35m[HTTP][39m [37m<-- GET /wd/hub/session/bc48bd61-21ef-4afe-9135-3fdbc0510ed7/source [39m[32m200[39m [90m335 ms - 17723[39m
[35m[HTTP][39m [90m[39m
[35m[HTTP][39m [37m-->[39m [37mGET[39m [37m/wd/hub/session/bc48bd61-21ef-4afe-9135-3fdbc0510ed7/screenshot[39m
[35m[HTTP][39m [90m{}[39m
[35m[HTTP][39m [37m<-- GET /wd/hub/session/bc48bd61-21ef-4afe-9135-3fdbc0510ed7/screenshot [39m[32m200[39m [90m1376 ms - 1447562[39m
[35m[HTTP][39m [90m[39m
[35m[HTTP][39m [37m-->[39m [37mGET[39m [37m/wd/hub/session/bc48bd61-21ef-4afe-9135-3fdbc0510ed7/window/rect[39m
[35m[HTTP][39m [90m{}[39m
[35m[HTTP][39m [37m<-- GET /wd/hub/session/bc48bd61-21ef-4afe-9135-3fdbc0510ed7/window/rect [39m[32m200[39m [90m16 ms - 50[39m
[35m[HTTP][39m [90m[39m
[35m[HTTP][39m [37m-->[39m [37mPOST[39m [37m/wd/hub/session/bc48bd61-21ef-4afe-9135-3fdbc0510ed7/elements[39m
[35m[HTTP][39m [90m{"using":"xpath","value":"//*[@class = 'android.widget.ImageButton' and (@text = '' or . = '')]"}[39m
[35m[HTTP][39m [37m<-- POST /wd/hub/session/bc48bd61-21ef-4afe-9135-3fdbc0510ed7/elements [39m[32m200[39m [90m167 ms - 139[39m
[35m[HTTP][39m [90m[39m
[35m[HTTP][39m [37m-->[39m [37mGET[39m [37m/wd/hub/session/bc48bd61-21ef-4afe-9135-3fdbc0510ed7/element/00000000-0000-00ab-ffff-ffff000000cd/location[39m
[35m[HTTP][39m [90m{}[39m
[35m[W3C (bc48bd61)][39m Driver proxy active, passing request on via HTTP proxy
[35m[WD Proxy][39m Replacing sessionId 868e528d-dc59-4306-9c55-9ef10cc3237e with bc48bd61-21ef-4afe-9135-3fdbc0510ed7
[35m[HTTP][39m [37m<-- GET /wd/hub/session/bc48bd61-21ef-4afe-9135-3fdbc0510ed7/element/00000000-0000-00ab-ffff-ffff000000cd/location [39m[32m200[39m [90m17 ms - 75[39m
[35m[HTTP][39m [90m[39m
[35m[HTTP][39m [37m-->[39m [37mPOST[39m [37m/wd/hub/session/bc48bd61-21ef-4afe-9135-3fdbc0510ed7/element/00000000-0000-00ab-ffff-ffff000000cd/click[39m
[35m[HTTP][39m [90m{"id":"00000000-0000-00ab-ffff-ffff000000cd"}[39m
[35m[HTTP][39m [37m<-- POST /wd/hub/session/bc48bd61-21ef-4afe-9135-3fdbc0510ed7/element/00000000-0000-00ab-ffff-ffff000000cd/click [39m[32m200[39m [90m63 ms - 14[39m
[35m[HTTP][39m [90m[39m
[35m[HTTP][39m [37m-->[39m [37mGET[39m [37m/wd/hub/session/bc48bd61-21ef-4afe-9135-3fdbc0510ed7/source[39m
[35m[HTTP][39m [90m{}[39m
[35m[W3C (bc48bd61)][39m Driver proxy active, passing request on via HTTP proxy
[35m[WD Proxy][39m Replacing sessionId 868e528d-dc59-4306-9c55-9ef10cc3237e with bc48bd61-21ef-4afe-9135-3fdbc0510ed7
[35m[HTTP][39m [37m<-- GET /wd/hub/session/bc48bd61-21ef-4afe-9135-3fdbc0510ed7/source [39m[32m200[39m [90m1079 ms - 34516[39m
[35m[HTTP][39m [90m[39m
[35m[HTTP][39m [37m-->[39m [37mGET[39m [37m/wd/hub/session/bc48bd61-21ef-4afe-9135-3fdbc0510ed7/screenshot[39m
[35m[HTTP][39m [90m{}[39m
[35m[HTTP][39m [37m<-- GET /wd/hub/session/bc48bd61-21ef-4afe-9135-3fdbc0510ed7/screenshot [39m[32m200[39m [90m1378 ms - 1992178[39m
[35m[HTTP][39m [90m[39m
